<?xml version="1.0" encoding="UTF-8"?>
<!-- Generated by org.testng.reporters.JUnitReportReporter -->
<testsuite hostname="DESKTOP-L7EGUA4" failures="0" tests="2" name="Academy.HomePage" time="23.174" errors="0" timestamp="3 Feb 2019 07:40:45 GMT">
  <testcase classname="Academy.HomePage" name="basePageNavigation" time="13.900"/>
  <testcase classname="Academy.HomePage" name="basePageNavigation" time="9.274"/>
</testsuite> <!-- Academy.HomePage -->
