<?xml version="1.0" encoding="UTF-8"?>
<!-- Generated by org.testng.reporters.JUnitReportReporter -->
<testsuite hostname="DESKTOP-L7EGUA4" failures="0" tests="1" name="Academy.validateNavigationBar" time="0.057" errors="0" timestamp="3 Feb 2019 07:40:45 GMT">
  <testcase classname="Academy.validateNavigationBar" name="validateAppNavBar" time="0.057"/>
</testsuite> <!-- Academy.validateNavigationBar -->
