<?xml version="1.0" encoding="UTF-8"?>
<!-- Generated by org.testng.reporters.JUnitReportReporter -->
<testsuite skipped="0" hostname="DESKTOP-L7EGUA4" name="Academy.HomePage" tests="2" failures="0" timestamp="03 Feb 2019 07:14:58 GMT" time="21.803" errors="0">
  <testcase name="basePageNavigation" time="13.098" classname="Academy.HomePage"/>
  <testcase name="basePageNavigation" time="8.705" classname="Academy.HomePage"/>
</testsuite> <!-- Academy.HomePage -->
