<?xml version="1.0" encoding="UTF-8"?>
<!-- Generated by org.testng.reporters.JUnitReportReporter -->
<testsuite skipped="0" hostname="DESKTOP-L7EGUA4" name="Academy.validateNavigationBar" tests="1" failures="0" timestamp="03 Feb 2019 07:14:58 GMT" time="0.089" errors="0">
  <testcase name="validateAppNavBar" time="0.089" classname="Academy.validateNavigationBar"/>
</testsuite> <!-- Academy.validateNavigationBar -->
